1678479994798	geckodriver	INFO	Listening on 127.0.0.1:52392
1678480208339	geckodriver	INFO	Listening on 127.0.0.1:52578
1678480211382	mozrunner::runner	INFO	Running command: "C:\\Program Files\\Mozilla Firefox\\firefox.exe" "--marionette" "--headless" "--disable" "--remote-debuggin ... 9" "--remote-allow-hosts" "localhost" "-no-remote" "-profile" "C:\\Users\\38066\\AppData\\Local\\Temp\\rust_mozprofile2yhsB4"
*** You are running in headless mode.
console.warn: services.settings: Ignoring preference override of remote settings server
console.warn: services.settings: Allow by setting MOZ_REMOTE_SETTINGS_DEVTOOLS=1 in the environment
1678480212004	Marionette	INFO	Marionette enabled
Dynamically enable window occlusion 0
1678480212012	Marionette	INFO	Listening on port 52589
console.error: "Warning: unrecognized command line flag -disable\n"
WebDriver BiDi listening on ws://127.0.0.1:52579
Read port: 52589
1678480212974	RemoteAgent	WARN	TLS certificate errors will be ignored for this session
[GFX1-]: RenderCompositorSWGL failed mapping default framebuffer, no dt
console.warn: SearchSettings: "get: No settings file exists, new profile?" (new NotFoundError("Could not open the file at C:\\Users\\38066\\AppData\\Local\\Temp\\rust_mozprofile2yhsB4\\search.json.mozlz4", (void 0)))
console.error: ({})
DevTools listening on ws://127.0.0.1:52579/devtools/browser/a9843efa-76f3-42d6-b662-d4e2428c7bf3
console.error: (new TypeError("this._searchProviderInfo is null", "resource:///modules/SearchSERPTelemetry.sys.mjs", 461))
1678480223557	Marionette	INFO	Stopped listening on port 52589
Dynamically enable window occlusion 1
JavaScript error: resource://gre/modules/UrlClassifierListManager.jsm, line 693: TypeError: this.tablesData[table] is undefined
WARNING: A blocker encountered an error while we were waiting.
          Blocker:  Waiting for ping task
          Phase: TelemetryController: Waiting for pending ping activity
          State: (none)
WARNING: Error: Phase "profile-before-change" is finished, it is too late to register completion condition "OS.File: flush I/O queued before profileBeforeChange"
WARNING: addBlocker@resource://gre/modules/AsyncShutdown.sys.mjs:727:15
addBlocker@resource://gre/modules/AsyncShutdown.sys.mjs:523:26
addBlocker@resource://gre/modules/AsyncShutdown.sys.mjs:458:15
setupShutdown@resource://gre/modules/osfile/osfile_async_front.jsm:1548:28
@resource://gre/modules/osfile/osfile_async_front.jsm:1568:16
@resource://gre/modules/osfile.jsm:12:30
@resource://gre/modules/TelemetryStorage.sys.mjs:10:28
_checkPendingPings@resource://gre/modules/TelemetrySend.sys.mjs:863:17
setup@resource://gre/modules/TelemetrySend.sys.mjs:803:18
setup@resource://gre/modules/TelemetrySend.sys.mjs:241:30
setupTelemetry/this._delayedInitTask<@resource://gre/modules/TelemetryControllerParent.sys.mjs:829:36
observe@resource://gre/modules/AsyncShutdown.sys.mjs:576:16

WARNING: A blocker encountered an error while we were waiting.
          Blocker:  Waiting for ping task
          Phase: TelemetryController: Waiting for pending ping activity
          State: (none)
WARNING: Error: Phase "profile-before-change" is finished, it is too late to register completion condition "OS.File: flush I/O queued before profileBeforeChange"
WARNING: addBlocker@resource://gre/modules/AsyncShutdown.sys.mjs:727:15
addBlocker@resource://gre/modules/AsyncShutdown.sys.mjs:523:26
addBlocker@resource://gre/modules/AsyncShutdown.sys.mjs:458:15
setupShutdown@resource://gre/modules/osfile/osfile_async_front.jsm:1548:28
@resource://gre/modules/osfile/osfile_async_front.jsm:1568:16
@resource://gre/modules/osfile.jsm:12:30
@resource://gre/modules/TelemetryStorage.sys.mjs:10:28
_checkPendingPings@resource://gre/modules/TelemetrySend.sys.mjs:863:17
setup@resource://gre/modules/TelemetrySend.sys.mjs:803:18
setup@resource://gre/modules/TelemetrySend.sys.mjs:241:30
setupTelemetry/this._delayedInitTask<@resource://gre/modules/TelemetryControllerParent.sys.mjs:829:36
observe@resource://gre/modules/AsyncShutdown.sys.mjs:576:16

WARNING: A blocker encountered an error while we were waiting.
          Blocker:  Waiting for ping task
          Phase: TelemetryController: Waiting for pending ping activity
          State: (none)
WARNING: Error: Phase "profile-before-change" is finished, it is too late to register completion condition "OS.File: flush I/O queued before profileBeforeChange"
WARNING: addBlocker@resource://gre/modules/AsyncShutdown.sys.mjs:727:15
addBlocker@resource://gre/modules/AsyncShutdown.sys.mjs:523:26
addBlocker@resource://gre/modules/AsyncShutdown.sys.mjs:458:15
setupShutdown@resource://gre/modules/osfile/osfile_async_front.jsm:1548:28
@resource://gre/modules/osfile/osfile_async_front.jsm:1568:16
@resource://gre/modules/osfile.jsm:12:30
@resource://gre/modules/TelemetryStorage.sys.mjs:10:28
_checkPendingPings@resource://gre/modules/TelemetrySend.sys.mjs:863:17
setup@resource://gre/modules/TelemetrySend.sys.mjs:803:18
setup@resource://gre/modules/TelemetrySend.sys.mjs:241:30
setupTelemetry/this._delayedInitTask<@resource://gre/modules/TelemetryControllerParent.sys.mjs:829:36
observe@resource://gre/modules/AsyncShutdown.sys.mjs:576:16

WARNING: A blocker encountered an error while we were waiting.
          Blocker:  TelemetryController: shutting down
          Phase: profile-before-change-telemetry
          State: Error getting state: Error: Phase "profile-before-change" is finished, it is too late to register completion condition "OS.File: flush I/O queued before profileBeforeChange" at addBlocker@resource://gre/modules/AsyncShutdown.sys.mjs:727:15
addBlocker@resource://gre/modules/AsyncShutdown.sys.mjs:523:26
addBlocker@resource://gre/modules/AsyncShutdown.sys.mjs:458:15
setupShutdown@resource://gre/modules/osfile/osfile_async_front.jsm:1548:28
@resource://gre/modules/osfile/osfile_async_front.jsm:1568:16
@resource://gre/modules/osfile.jsm:12:30
@resource://gre/modules/TelemetryStorage.sys.mjs:10:28
_checkPendingPings@resource://gre/modules/TelemetrySend.sys.mjs:863:17
setup@resource://gre/modules/TelemetrySend.sys.mjs:803:18
setup@resource://gre/modules/TelemetrySend.sys.mjs:241:30
setupTelemetry/this._delayedInitTask<@resource://gre/modules/TelemetryControllerParent.sys.mjs:829:36
observe@resource://gre/modules/AsyncShutdown.sys.mjs:576:16

WARNING: Error: Phase "profile-before-change" is finished, it is too late to register completion condition "OS.File: flush I/O queued before profileBeforeChange"
WARNING: addBlocker@resource://gre/modules/AsyncShutdown.sys.mjs:727:15
addBlocker@resource://gre/modules/AsyncShutdown.sys.mjs:523:26
addBlocker@resource://gre/modules/AsyncShutdown.sys.mjs:458:15
setupShutdown@resource://gre/modules/osfile/osfile_async_front.jsm:1548:28
@resource://gre/modules/osfile/osfile_async_front.jsm:1568:16
@resource://gre/modules/osfile.jsm:12:30
@resource://gre/modules/TelemetryStorage.sys.mjs:10:28
_checkPendingPings@resource://gre/modules/TelemetrySend.sys.mjs:863:17
setup@resource://gre/modules/TelemetrySend.sys.mjs:803:18
setup@resource://gre/modules/TelemetrySend.sys.mjs:241:30
setupTelemetry/this._delayedInitTask<@resource://gre/modules/TelemetryControllerParent.sys.mjs:829:36
observe@resource://gre/modules/AsyncShutdown.sys.mjs:576:16

JavaScript error: resource://gre/modules/AsyncShutdown.sys.mjs, line 727: Error: Phase "profile-before-change" is finished, it is too late to register completion condition "OS.File: flush I/O queued before profileBeforeChange"
JavaScript error: resource://gre/modules/AsyncShutdown.sys.mjs, line 727: Error: Phase "profile-before-change" is finished, it is too late to register completion condition "OS.File: flush I/O queued before profileBeforeChange"
JavaScript error: resource://gre/modules/AsyncShutdown.sys.mjs, line 727: Error: Phase "profile-before-change" is finished, it is too late to register completion condition "OS.File: flush I/O queued before profileBeforeChange"
JavaScript error: resource://gre/modules/AsyncShutdown.sys.mjs, line 727: Error: Phase "profile-before-change" is finished, it is too late to register completion condition "OS.File: flush I/O queued before profileBeforeChange"
JavaScript error: resource://gre/modules/AsyncShutdown.sys.mjs, line 727: Error: Phase "profile-before-change" is finished, it is too late to register completion condition "OS.File: flush I/O queued before profileBeforeChange"
JavaScript error: resource://gre/modules/AsyncShutdown.sys.mjs, line 727: Error: Phase "profile-before-change" is finished, it is too late to register completion condition "OS.File: flush I/O queued before profileBeforeChange"
1678480361589	geckodriver	INFO	Listening on 127.0.0.1:52743
1678480364615	mozrunner::runner	INFO	Running command: "C:\\Program Files\\Mozilla Firefox\\firefox.exe" "--marionette" "--headless" "--disable" "--remote-debuggin ... 4" "--remote-allow-hosts" "localhost" "-no-remote" "-profile" "C:\\Users\\38066\\AppData\\Local\\Temp\\rust_mozprofilepUtpvz"
*** You are running in headless mode.
console.warn: services.settings: Ignoring preference override of remote settings server
console.warn: services.settings: Allow by setting MOZ_REMOTE_SETTINGS_DEVTOOLS=1 in the environment
1678480365112	Marionette	INFO	Marionette enabled
Dynamically enable window occlusion 0
1678480365119	Marionette	INFO	Listening on port 52753
console.error: "Warning: unrecognized command line flag -disable\n"
Read port: 52753
WebDriver BiDi listening on ws://127.0.0.1:52744
1678480365309	RemoteAgent	WARN	TLS certificate errors will be ignored for this session
[GFX1-]: RenderCompositorSWGL failed mapping default framebuffer, no dt
console.warn: SearchSettings: "get: No settings file exists, new profile?" (new NotFoundError("Could not open the file at C:\\Users\\38066\\AppData\\Local\\Temp\\rust_mozprofilepUtpvz\\search.json.mozlz4", (void 0)))
console.error: ({})
DevTools listening on ws://127.0.0.1:52744/devtools/browser/9df22469-9bd9-4ff7-962f-fa060509005e
JavaScript error: https://atbmarket.com/js/starter/vendor.js, line 1: Error: Request failed with status code 403
1678480370805	Marionette	INFO	Stopped listening on port 52753
Dynamically enable window occlusion 1
WARNING: A blocker encountered an error while we were waiting.
          Blocker:  Waiting for ping task
          Phase: TelemetryController: Waiting for pending ping activity
          State: (none)
WARNING: Error: Phase "profile-before-change" is finished, it is too late to register completion condition "OS.File: flush I/O queued before profileBeforeChange"
WARNING: addBlocker@resource://gre/modules/AsyncShutdown.sys.mjs:727:15
addBlocker@resource://gre/modules/AsyncShutdown.sys.mjs:523:26
addBlocker@resource://gre/modules/AsyncShutdown.sys.mjs:458:15
setupShutdown@resource://gre/modules/osfile/osfile_async_front.jsm:1548:28
@resource://gre/modules/osfile/osfile_async_front.jsm:1568:16
@resource://gre/modules/osfile.jsm:12:30
@resource://gre/modules/TelemetryStorage.sys.mjs:10:28
_checkPendingPings@resource://gre/modules/TelemetrySend.sys.mjs:863:17
setup@resource://gre/modules/TelemetrySend.sys.mjs:803:18
setup@resource://gre/modules/TelemetrySend.sys.mjs:241:30
setupTelemetry/this._delayedInitTask<@resource://gre/modules/TelemetryControllerParent.sys.mjs:829:36
observe@resource://gre/modules/AsyncShutdown.sys.mjs:576:16

WARNING: A blocker encountered an error while we were waiting.
          Blocker:  Waiting for ping task
          Phase: TelemetryController: Waiting for pending ping activity
          State: (none)
WARNING: Error: Phase "profile-before-change" is finished, it is too late to register completion condition "OS.File: flush I/O queued before profileBeforeChange"
WARNING: addBlocker@resource://gre/modules/AsyncShutdown.sys.mjs:727:15
addBlocker@resource://gre/modules/AsyncShutdown.sys.mjs:523:26
addBlocker@resource://gre/modules/AsyncShutdown.sys.mjs:458:15
setupShutdown@resource://gre/modules/osfile/osfile_async_front.jsm:1548:28
@resource://gre/modules/osfile/osfile_async_front.jsm:1568:16
@resource://gre/modules/osfile.jsm:12:30
@resource://gre/modules/TelemetryStorage.sys.mjs:10:28
_checkPendingPings@resource://gre/modules/TelemetrySend.sys.mjs:863:17
setup@resource://gre/modules/TelemetrySend.sys.mjs:803:18
setup@resource://gre/modules/TelemetrySend.sys.mjs:241:30
setupTelemetry/this._delayedInitTask<@resource://gre/modules/TelemetryControllerParent.sys.mjs:829:36
observe@resource://gre/modules/AsyncShutdown.sys.mjs:576:16

WARNING: A blocker encountered an error while we were waiting.
          Blocker:  Waiting for ping task
          Phase: TelemetryController: Waiting for pending ping activity
          State: (none)
WARNING: Error: Phase "profile-before-change" is finished, it is too late to register completion condition "OS.File: flush I/O queued before profileBeforeChange"
WARNING: addBlocker@resource://gre/modules/AsyncShutdown.sys.mjs:727:15
addBlocker@resource://gre/modules/AsyncShutdown.sys.mjs:523:26
addBlocker@resource://gre/modules/AsyncShutdown.sys.mjs:458:15
setupShutdown@resource://gre/modules/osfile/osfile_async_front.jsm:1548:28
@resource://gre/modules/osfile/osfile_async_front.jsm:1568:16
@resource://gre/modules/osfile.jsm:12:30
@resource://gre/modules/TelemetryStorage.sys.mjs:10:28
_checkPendingPings@resource://gre/modules/TelemetrySend.sys.mjs:863:17
setup@resource://gre/modules/TelemetrySend.sys.mjs:803:18
setup@resource://gre/modules/TelemetrySend.sys.mjs:241:30
setupTelemetry/this._delayedInitTask<@resource://gre/modules/TelemetryControllerParent.sys.mjs:829:36
observe@resource://gre/modules/AsyncShutdown.sys.mjs:576:16

WARNING: A blocker encountered an error while we were waiting.
          Blocker:  TelemetryController: shutting down
          Phase: profile-before-change-telemetry
          State: Error getting state: Error: Phase "profile-before-change" is finished, it is too late to register completion condition "OS.File: flush I/O queued before profileBeforeChange" at addBlocker@resource://gre/modules/AsyncShutdown.sys.mjs:727:15
addBlocker@resource://gre/modules/AsyncShutdown.sys.mjs:523:26
addBlocker@resource://gre/modules/AsyncShutdown.sys.mjs:458:15
setupShutdown@resource://gre/modules/osfile/osfile_async_front.jsm:1548:28
@resource://gre/modules/osfile/osfile_async_front.jsm:1568:16
@resource://gre/modules/osfile.jsm:12:30
@resource://gre/modules/TelemetryStorage.sys.mjs:10:28
_checkPendingPings@resource://gre/modules/TelemetrySend.sys.mjs:863:17
setup@resource://gre/modules/TelemetrySend.sys.mjs:803:18
setup@resource://gre/modules/TelemetrySend.sys.mjs:241:30
setupTelemetry/this._delayedInitTask<@resource://gre/modules/TelemetryControllerParent.sys.mjs:829:36
observe@resource://gre/modules/AsyncShutdown.sys.mjs:576:16

WARNING: Error: Phase "profile-before-change" is finished, it is too late to register completion condition "OS.File: flush I/O queued before profileBeforeChange"
WARNING: addBlocker@resource://gre/modules/AsyncShutdown.sys.mjs:727:15
addBlocker@resource://gre/modules/AsyncShutdown.sys.mjs:523:26
addBlocker@resource://gre/modules/AsyncShutdown.sys.mjs:458:15
setupShutdown@resource://gre/modules/osfile/osfile_async_front.jsm:1548:28
@resource://gre/modules/osfile/osfile_async_front.jsm:1568:16
@resource://gre/modules/osfile.jsm:12:30
@resource://gre/modules/TelemetryStorage.sys.mjs:10:28
_checkPendingPings@resource://gre/modules/TelemetrySend.sys.mjs:863:17
setup@resource://gre/modules/TelemetrySend.sys.mjs:803:18
setup@resource://gre/modules/TelemetrySend.sys.mjs:241:30
setupTelemetry/this._delayedInitTask<@resource://gre/modules/TelemetryControllerParent.sys.mjs:829:36
observe@resource://gre/modules/AsyncShutdown.sys.mjs:576:16

JavaScript error: resource://gre/modules/AsyncShutdown.sys.mjs, line 727: Error: Phase "profile-before-change" is finished, it is too late to register completion condition "OS.File: flush I/O queued before profileBeforeChange"
JavaScript error: resource://gre/modules/AsyncShutdown.sys.mjs, line 727: Error: Phase "profile-before-change" is finished, it is too late to register completion condition "OS.File: flush I/O queued before profileBeforeChange"
JavaScript error: resource://gre/modules/AsyncShutdown.sys.mjs, line 727: Error: Phase "profile-before-change" is finished, it is too late to register completion condition "OS.File: flush I/O queued before profileBeforeChange"
JavaScript error: resource://gre/modules/AsyncShutdown.sys.mjs, line 727: Error: Phase "profile-before-change" is finished, it is too late to register completion condition "OS.File: flush I/O queued before profileBeforeChange"
JavaScript error: resource://gre/modules/AsyncShutdown.sys.mjs, line 727: Error: Phase "profile-before-change" is finished, it is too late to register completion condition "OS.File: flush I/O queued before profileBeforeChange"
JavaScript error: resource://gre/modules/AsyncShutdown.sys.mjs, line 727: Error: Phase "profile-before-change" is finished, it is too late to register completion condition "OS.File: flush I/O queued before profileBeforeChange"
